SonarQube plugins:
  - Python Code Quality and Security 3.4.1.8066 (python)
  - CSS Code Quality and Security 1.4.2.2002 (cssfamily)
  - Go Code Quality and Security 1.8.3.2219 (go)
  - JaCoCo 1.1.1.1157 (jacoco)
  - Kotlin Code Quality and Security 1.8.3.2219 (kotlin)
  - JavaScript/TypeScript Code Quality and Security 7.4.4.15624 (javascript)
  - Ruby Code Quality and Security 1.8.3.2219 (ruby)
  - Scala Code Quality and Security 1.8.3.2219 (sonarscala)
  - C# Code Quality and Security 8.22.0.31243 (csharp)
  - Java Code Quality and Security 6.15.1.26025 (java)
  - HTML Code Quality and Security 3.4.0.2754 (web)
  - Flex Code Quality and Security 2.6.1.2564 (flex)
  - XML Code Quality and Security 2.2.0.2973 (xml)
  - PHP Code Quality and Security 3.17.0.7439 (php)
  - VB.NET Code Quality and Security 8.22.0.31243 (vbnet)
Global server settings:
  - sonar.core.id=BF41A1F2-AYniBsdyYByeLEgdEunu
  - sonar.core.startTime=2024-01-02T15:28:46+0500
  - sonar.forceAuthentication=true
Project server settings:
Project scanner properties:
  - sonar.binaries=C:\Users\Yash Porlekar\Git\finalccrmvp\target\classes
  - sonar.groovy.binaries=C:\Users\Yash Porlekar\Git\finalccrmvp\target\classes
  - sonar.host.url=http://localhost:9000
  - sonar.java.binaries=C:\Users\Yash Porlekar\Git\finalccrmvp\target\classes
  - sonar.java.libraries=C:\Users\Yash Porlekar\.m2\repository\org\springframework\boot\spring-boot-starter-data-jpa\3.1.3\spring-boot-starter-data-jpa-3.1.3.jar,C:\Users\Yash Porlekar\.m2\repository\org\springframework\boot\spring-boot-starter-aop\3.1.3\spring-boot-starter-aop-3.1.3.jar,C:\Users\Yash Porlekar\.m2\repository\org\aspectj\aspectjweaver\1.9.20\aspectjweaver-1.9.20.jar,C:\Users\Yash Porlekar\.m2\repository\org\springframework\boot\spring-boot-starter-jdbc\3.1.3\spring-boot-starter-jdbc-3.1.3.jar,C:\Users\Yash Porlekar\.m2\repository\com\zaxxer\HikariCP\5.0.1\HikariCP-5.0.1.jar,C:\Users\Yash Porlekar\.m2\repository\org\springframework\spring-jdbc\6.0.11\spring-jdbc-6.0.11.jar,C:\Users\Yash Porlekar\.m2\repository\org\hibernate\orm\hibernate-core\6.2.7.Final\hibernate-core-6.2.7.Final.jar,C:\Users\Yash Porlekar\.m2\repository\jakarta\persistence\jakarta.persistence-api\3.1.0\jakarta.persistence-api-3.1.0.jar,C:\Users\Yash Porlekar\.m2\repository\jakarta\transaction\jakarta.transaction-api\2.0.1\j...
  - sonar.java.source=17
  - sonar.java.target=17
  - sonar.java.test.binaries=C:\Users\Yash Porlekar\Git\finalccrmvp\target\test-classes
  - sonar.java.test.libraries=C:\Users\Yash Porlekar\Git\finalccrmvp\target\classes,C:\Users\Yash Porlekar\.m2\repository\org\springframework\boot\spring-boot-starter-data-jpa\3.1.3\spring-boot-starter-data-jpa-3.1.3.jar,C:\Users\Yash Porlekar\.m2\repository\org\springframework\boot\spring-boot-starter-aop\3.1.3\spring-boot-starter-aop-3.1.3.jar,C:\Users\Yash Porlekar\.m2\repository\org\aspectj\aspectjweaver\1.9.20\aspectjweaver-1.9.20.jar,C:\Users\Yash Porlekar\.m2\repository\org\springframework\boot\spring-boot-starter-jdbc\3.1.3\spring-boot-starter-jdbc-3.1.3.jar,C:\Users\Yash Porlekar\.m2\repository\com\zaxxer\HikariCP\5.0.1\HikariCP-5.0.1.jar,C:\Users\Yash Porlekar\.m2\repository\org\springframework\spring-jdbc\6.0.11\spring-jdbc-6.0.11.jar,C:\Users\Yash Porlekar\.m2\repository\org\hibernate\orm\hibernate-core\6.2.7.Final\hibernate-core-6.2.7.Final.jar,C:\Users\Yash Porlekar\.m2\repository\jakarta\persistence\jakarta.persistence-api\3.1.0\jakarta.persistence-api-3.1.0.jar,C:\Users\Yash Porlekar\.m2\reposito...
  - sonar.junit.reportPaths=C:\Users\Yash Porlekar\Git\finalccrmvp\target\surefire-reports
  - sonar.junit.reportsPath=C:\Users\Yash Porlekar\Git\finalccrmvp\target\surefire-reports
  - sonar.libraries=C:\Users\Yash Porlekar\.m2\repository\org\springframework\boot\spring-boot-starter-data-jpa\3.1.3\spring-boot-starter-data-jpa-3.1.3.jar,C:\Users\Yash Porlekar\.m2\repository\org\springframework\boot\spring-boot-starter-aop\3.1.3\spring-boot-starter-aop-3.1.3.jar,C:\Users\Yash Porlekar\.m2\repository\org\aspectj\aspectjweaver\1.9.20\aspectjweaver-1.9.20.jar,C:\Users\Yash Porlekar\.m2\repository\org\springframework\boot\spring-boot-starter-jdbc\3.1.3\spring-boot-starter-jdbc-3.1.3.jar,C:\Users\Yash Porlekar\.m2\repository\com\zaxxer\HikariCP\5.0.1\HikariCP-5.0.1.jar,C:\Users\Yash Porlekar\.m2\repository\org\springframework\spring-jdbc\6.0.11\spring-jdbc-6.0.11.jar,C:\Users\Yash Porlekar\.m2\repository\org\hibernate\orm\hibernate-core\6.2.7.Final\hibernate-core-6.2.7.Final.jar,C:\Users\Yash Porlekar\.m2\repository\jakarta\persistence\jakarta.persistence-api\3.1.0\jakarta.persistence-api-3.1.0.jar,C:\Users\Yash Porlekar\.m2\repository\jakarta\transaction\jakarta.transaction-api\2.0.1\j...
  - sonar.links.ci=
  - sonar.links.homepage=https://spring.io/projects/spring-boot/ccr-mvp
  - sonar.links.issue=
  - sonar.links.scm=https://github.com/spring-projects/spring-boot/ccr-mvp
  - sonar.links.scm_dev=
  - sonar.login=******
  - sonar.moduleKey=com.ccr.mvp:ccr-mvp
  - sonar.projectBaseDir=C:\Users\Yash Porlekar\Git\finalccrmvp
  - sonar.projectBuildDir=C:\Users\Yash Porlekar\Git\finalccrmvp\target
  - sonar.projectDescription=Minimal viable product of CCR
  - sonar.projectKey=com.ccr.mvp:ccr-mvp
  - sonar.projectName=ccr-mvp
  - sonar.projectVersion=0.0.1-SNAPSHOT
  - sonar.scanner.app=ScannerMaven
  - sonar.scanner.appVersion=3.8.0.2131/3.8.6
  - sonar.sourceEncoding=UTF-8
  - sonar.sources=C:\Users\Yash Porlekar\Git\finalccrmvp\pom.xml,C:\Users\Yash Porlekar\Git\finalccrmvp\src\main\java
  - sonar.tests=C:\Users\Yash Porlekar\Git\finalccrmvp\src\test\java
  - sonar.working.directory=C:\Users\Yash Porlekar\Git\finalccrmvp\target\sonar
